<?xml version="1.0" encoding="UTF-8"?>
<testng-results skipped="0" failed="0" total="1" passed="1">
  <reporter-output>
  </reporter-output>
  <suite name="Parallel test suite" duration-ms="95749" started-at="2017-02-16T02:19:30Z" finished-at="2017-02-16T02:21:06Z">
    <groups>
    </groups>
    <test name="Driver1" duration-ms="95749" started-at="2017-02-16T02:19:30Z" finished-at="2017-02-16T02:21:06Z">
      <class name="com.pc.driver.Driver1">
        <test-method status="PASS" signature="Main1(java.lang.String, java.lang.String, java.lang.String)[pri:1, instance:com.pc.driver.Driver1@6093dd95]" name="Main1" duration-ms="95715" started-at="2017-02-15T21:19:30Z" finished-at="2017-02-15T21:21:06Z">
          <params>
            <param index="0">
              <value>
                <![CDATA[Data]]>
              </value>
            </param>
            <param index="1">
              <value>
                <![CDATA[QA]]>
              </value>
            </param>
            <param index="2">
              <value>
                <![CDATA[ch]]>
              </value>
            </param>
          </params>
          <reporter-output>
          </reporter-output>
        </test-method> <!-- Main1 -->
      </class> <!-- com.pc.driver.Driver1 -->
    </test> <!-- Driver1 -->
  </suite> <!-- Parallel test suite -->
</testng-results>
